# JRE version: OpenJDK Runtime Environment Temurin-21.0.10+7 (21.0.10+7) (build 21.0.10+7-LTS)
# Java VM: OpenJDK 64-Bit Server VM Temurin-21.0.10+7 (21.0.10+7-LTS, mixed mode, sharing, tiered, compressed oops, compressed class ptrs, g1 gc, windows-amd64)
GC Precious Log:
 CardTable entry size: 512
 Card Set container configuration: InlinePtr #cards 5 size 8 Array Of Cards #cards 12 size 40 Howl #buckets 4 coarsen threshold 1843 Howl Bitmap #cards 512 size 80 coarsen threshold 460 Card regions per heap region 1 cards per card region 2048
 CPUs: 4 total, 4 available
 Memory: 8067M
 Large Page Support: Disabled
 NUMA Support: Disabled
 Compressed Oops: Enabled (32-bit)
 Heap Region Size: 1M
 Heap Min Capacity: 256M
 Heap Initial Capacity: 256M
 Heap Max Capacity: 512M
 Pre-touch: Disabled
 Parallel Workers: 4
 Concurrent Workers: 1
 Concurrent Refinement Workers: 4
 Periodic GC: Disabled
Heap:
 garbage-first heap   total 265216K, used 252227K [0x00000000e0000000, 0x0000000100000000)
  region size 1024K, 91 young (93184K), 8 survivors (8192K)
 Metaspace       used 89984K, committed 92032K, reserved 458752K
  class space    used 12400K, committed 13824K, reserved 327680K
GC Heap History (20 events):
Event: 118.078 GC heap after
{Heap after GC invocations=20 (full 0):
 garbage-first heap   total 262144K, used 93696K [0x00000000e0000000, 0x0000000100000000)
  region size 1024K, 14 young (14336K), 14 survivors (14336K)
 Metaspace       used 68184K, committed 70144K, reserved 393216K
  class space    used 9644K, committed 10560K, reserved 327680K
}
Event: 122.138 GC heap before
{Heap before GC invocations=20 (full 0):
 garbage-first heap   total 262144K, used 223744K [0x00000000e0000000, 0x0000000100000000)
  region size 1024K, 133 young (136192K), 14 survivors (14336K)
 Metaspace       used 76681K, committed 78592K, reserved 458752K
  class space    used 10662K, committed 11584K, reserved 327680K
}
Event: 122.164 GC heap after
{Heap after GC invocations=21 (full 0):
 garbage-first heap   total 262144K, used 106058K [0x00000000e0000000, 0x0000000100000000)
  region size 1024K, 12 young (12288K), 12 survivors (12288K)
 Metaspace       used 76681K, committed 78592K, reserved 458752K
  class space    used 10662K, committed 11584K, reserved 327680K
}
Event: 124.058 GC heap before
{Heap before GC invocations=21 (full 0):
 garbage-first heap   total 262144K, used 214602K [0x00000000e0000000, 0x0000000100000000)
  region size 1024K, 119 young (121856K), 12 survivors (12288K)
 Metaspace       used 79423K, committed 81536K, reserved 458752K
  class space    used 11127K, committed 12160K, reserved 327680K
}
Event: 124.104 GC heap after
{Heap after GC invocations=22 (full 0):
 garbage-first heap   total 262144K, used 111885K [0x00000000e0000000, 0x0000000100000000)
  region size 1024K, 9 young (9216K), 9 survivors (9216K)
 Metaspace       used 79423K, committed 81536K, reserved 458752K
  class space    used 11127K, committed 12160K, reserved 327680K
}
Event: 126.637 GC heap before
{Heap before GC invocations=23 (full 0):
 garbage-first heap   total 262144K, used 236813K [0x00000000e0000000, 0x0000000100000000)
  region size 1024K, 119 young (121856K), 9 survivors (9216K)
 Metaspace       used 89966K, committed 92096K, reserved 458752K
  class space    used 12562K, committed 13568K, reserved 327680K
}
Event: 126.653 GC heap after
{Heap after GC invocations=24 (full 0):
 garbage-first heap   total 262144K, used 130317K [0x00000000e0000000, 0x0000000100000000)
  region size 1024K, 15 young (15360K), 15 survivors (15360K)
 Metaspace       used 89966K, committed 92096K, reserved 458752K
  class space    used 12562K, committed 13568K, reserved 327680K
}
Event: 129.079 GC heap before
{Heap before GC invocations=24 (full 0):
 garbage-first heap   total 262144K, used 231693K [0x00000000e0000000, 0x0000000100000000)
  region size 1024K, 114 young (116736K), 15 survivors (15360K)
 Metaspace       used 94637K, committed 96896K, reserved 458752K
  class space    used 13288K, committed 14400K, reserved 327680K
}
Event: 129.108 GC heap after
{Heap after GC invocations=25 (full 0):
 garbage-first heap   total 262144K, used 136142K [0x00000000e0000000, 0x0000000100000000)
  region size 1024K, 15 young (15360K), 15 survivors (15360K)
 Metaspace       used 94637K, committed 96896K, reserved 458752K
  class space    used 13288K, committed 14400K, reserved 327680K
}
Event: 159.160 GC heap before
{Heap before GC invocations=25 (full 0):
 garbage-first heap   total 262144K, used 233422K [0x00000000e0000000, 0x0000000100000000)
  region size 1024K, 110 young (112640K), 15 survivors (15360K)
 Metaspace       used 95384K, committed 97664K, reserved 458752K
  class space    used 13392K, committed 14528K, reserved 327680K
}
Event: 159.192 GC heap after
{Heap after GC invocations=26 (full 0):
 garbage-first heap   total 262144K, used 146944K [0x00000000e0000000, 0x0000000100000000)
  region size 1024K, 11 young (11264K), 11 survivors (11264K)
 Metaspace       used 95384K, committed 97664K, reserved 458752K
  class space    used 13392K, committed 14528K, reserved 327680K
}
Event: 161.504 GC heap before
{Heap before GC invocations=27 (full 0):
 garbage-first heap   total 262144K, used 238080K [0x00000000e0000000, 0x0000000100000000)
  region size 1024K, 97 young (99328K), 11 survivors (11264K)
 Metaspace       used 95599K, committed 97920K, reserved 458752K
  class space    used 13423K, committed 14592K, reserved 327680K
}
Event: 161.517 GC heap after
{Heap after GC invocations=28 (full 0):
 garbage-first heap   total 262144K, used 152064K [0x00000000e0000000, 0x0000000100000000)
  region size 1024K, 7 young (7168K), 7 survivors (7168K)
 Metaspace       used 95599K, committed 97920K, reserved 458752K
  class space    used 13423K, committed 14592K, reserved 327680K
}
Event: 193.957 GC heap before
{Heap before GC invocations=28 (full 0):
 garbage-first heap   total 262144K, used 237056K [0x00000000e0000000, 0x0000000100000000)
  region size 1024K, 90 young (92160K), 7 survivors (7168K)
 Metaspace       used 95765K, committed 98112K, reserved 458752K
  class space    used 13440K, committed 14592K, reserved 327680K
}
Event: 193.969 GC heap after
{Heap after GC invocations=29 (full 0):
 garbage-first heap   total 262144K, used 151402K [0x00000000e0000000, 0x0000000100000000)
  region size 1024K, 10 young (10240K), 10 survivors (10240K)
 Metaspace       used 95765K, committed 98112K, reserved 458752K
  class space    used 13440K, committed 14592K, reserved 327680K
}
Event: 524.668 GC heap before
{Heap before GC invocations=29 (full 0):
 garbage-first heap   total 262144K, used 235370K [0x00000000e0000000, 0x0000000100000000)
  region size 1024K, 93 young (95232K), 10 survivors (10240K)
 Metaspace       used 96105K, committed 98432K, reserved 458752K
  class space    used 13478K, committed 14656K, reserved 327680K
}
Event: 524.864 GC heap after
{Heap after GC invocations=30 (full 0):
 garbage-first heap   total 262144K, used 156402K [0x00000000e0000000, 0x0000000100000000)
  region size 1024K, 8 young (8192K), 8 survivors (8192K)
 Metaspace       used 96105K, committed 98432K, reserved 458752K
  class space    used 13478K, committed 14656K, reserved 327680K
}
Event: 530.480 GC heap before
{Heap before GC invocations=31 (full 0):
 garbage-first heap   total 262144K, used 237298K [0x00000000e0000000, 0x0000000100000000)
  region size 1024K, 88 young (90112K), 8 survivors (8192K)
 Metaspace       used 84452K, committed 90816K, reserved 458752K
  class space    used 11712K, committed 13824K, reserved 327680K
}
Event: 530.512 GC heap after
{Heap after GC invocations=32 (full 0):
 garbage-first heap   total 262144K, used 154950K [0x00000000e0000000, 0x0000000100000000)
  region size 1024K, 5 young (5120K), 5 survivors (5120K)
 Metaspace       used 84452K, committed 90816K, reserved 458752K
  class space    used 11712K, committed 13824K, reserved 327680K
}
Event: 532.606 GC heap before
{Heap before GC invocations=32 (full 0):
 garbage-first heap   total 262144K, used 251206K [0x00000000e0000000, 0x0000000100000000)
  region size 1024K, 88 young (90112K), 5 survivors (5120K)
 Metaspace       used 89984K, committed 92032K, reserved 458752K
  class space    used 12400K, committed 13824K, reserved 327680K
}

